<?xml version="1.0" encoding="UTF-8"?>
<!-- Generated by org.testng.reporters.JUnitXMLReporter -->
<testsuite ignored="0" hostname="HB11536" failures="0" tests="5" name="Default test" time="19.209" errors="0" timestamp="2022-03-17T13:15:14 EDT">
  <testcase classname="mid_term.LoginTest" name="Loginwithwrongvalues" time="2.108"/>
  <testcase classname="mid_term.LoginTest" name="Loginwithrightvalue" time="2.453"/>
  <testcase classname="mid_term.LoginTest" name="patient" time="1.095"/>
  <testcase classname="mid_term.LoginTest" name="enterdata" time="8.664"/>
  <testcase classname="mid_term.LoginTest" name="Logout" time="4.062"/>
</testsuite> <!-- Default test -->
