<?xml version="1.0" encoding="UTF-8"?>
<testng-results ignored="0" total="5" passed="5" failed="0" skipped="0">
  <reporter-output>
  </reporter-output>
  <suite started-at="2022-03-17T13:14:55 EDT" name="Default suite" finished-at="2022-03-17T13:15:14 EDT" duration-ms="19209">
    <groups>
    </groups>
    <test started-at="2022-03-17T13:14:55 EDT" name="Default test" finished-at="2022-03-17T13:15:14 EDT" duration-ms="19209">
      <class name="mid_term.LoginTest">
        <test-method is-config="true" signature="LunchBrowser()[pri:0, instance:mid_term.LoginTest@33b1c5c5]" started-at="2022-03-17T13:14:55 EDT" name="LunchBrowser" finished-at="2022-03-17T13:14:55 EDT" duration-ms="786" status="PASS">
          <reporter-output>
          </reporter-output>
        </test-method> <!-- LunchBrowser -->
        <test-method signature="Loginwithwrongvalues()[pri:-1, instance:mid_term.LoginTest@33b1c5c5]" started-at="2022-03-17T13:14:55 EDT" name="Loginwithwrongvalues" finished-at="2022-03-17T13:14:58 EDT" duration-ms="2108" status="PASS">
          <reporter-output>
          </reporter-output>
        </test-method> <!-- Loginwithwrongvalues -->
        <test-method signature="Loginwithrightvalue()[pri:0, instance:mid_term.LoginTest@33b1c5c5]" started-at="2022-03-17T13:14:58 EDT" name="Loginwithrightvalue" finished-at="2022-03-17T13:15:00 EDT" duration-ms="2453" status="PASS">
          <reporter-output>
          </reporter-output>
        </test-method> <!-- Loginwithrightvalue -->
        <test-method signature="patient()[pri:1, instance:mid_term.LoginTest@33b1c5c5]" started-at="2022-03-17T13:15:00 EDT" name="patient" finished-at="2022-03-17T13:15:01 EDT" duration-ms="1095" status="PASS">
          <reporter-output>
          </reporter-output>
        </test-method> <!-- patient -->
        <test-method signature="enterdata()[pri:2, instance:mid_term.LoginTest@33b1c5c5]" started-at="2022-03-17T13:15:01 EDT" name="enterdata" finished-at="2022-03-17T13:15:10 EDT" duration-ms="8664" status="PASS">
          <reporter-output>
          </reporter-output>
        </test-method> <!-- enterdata -->
        <test-method signature="Logout()[pri:3, instance:mid_term.LoginTest@33b1c5c5]" started-at="2022-03-17T13:15:10 EDT" name="Logout" finished-at="2022-03-17T13:15:14 EDT" duration-ms="4062" status="PASS">
          <reporter-output>
          </reporter-output>
        </test-method> <!-- Logout -->
      </class> <!-- mid_term.LoginTest -->
    </test> <!-- Default test -->
  </suite> <!-- Default suite -->
</testng-results>
